
> storybook@1.0.0 build-storybook
> storybook build --output-dir C:\Users\AMRELS~1\AppData\Local\Temp\chromatic--34180-zFFPhqTToYfD

storybook v8.2.1

info => Cleaning outputDir: ..\..\Users\AMRELS~1\AppData\Local\Temp\chromatic--34180-zFFPhqTToYfD
info => Loading presets
info => Building manager..
info => Manager built (185 ms)
info => Building preview..
[36mvite v5.3.3 [32mbuilding for production...[36m[39m
transforming...
[32m✓[39m 468 modules transformed.
rendering chunks...
computing gzip size...
[2m../../Users/AMRELS~1/AppData/Local/Temp/chromatic--34180-zFFPhqTToYfD/[22m[32massets/context-C0qIqeS4.png               [39m[1m[2m    6.12 kB[22m[1m[22m
[2m../../Users/AMRELS~1/AppData/Local/Temp/chromatic--34180-zFFPhqTToYfD/[22m[32massets/styling-Bk6zjRzU.png               [39m[1m[2m    7.24 kB[22m[1m[22m
[2m../../Users/AMRELS~1/AppData/Local/Temp/chromatic--34180-zFFPhqTToYfD/[22m[32miframe.html                               [39m[1m[2m   16.38 kB[22m[1m[22m[2m │ gzip:   4.44 kB[22m
[2m../../Users/AMRELS~1/AppData/Local/Temp/chromatic--34180-zFFPhqTToYfD/[22m[32massets/docs---vsFbMi.png                  [39m[1m[2m   27.88 kB[22m[1m[22m
[2m../../Users/AMRELS~1/AppData/Local/Temp/chromatic--34180-zFFPhqTToYfD/[22m[32massets/share-DGA-UcQf.png                 [39m[1m[2m   40.77 kB[22m[1m[22m
[2m../../Users/AMRELS~1/AppData/Local/Temp/chromatic--34180-zFFPhqTToYfD/[22m[32massets/accessibility-W_h2acOZ.png         [39m[1m[2m   42.34 kB[22m[1m[22m
[2m../../Users/AMRELS~1/AppData/Local/Temp/chromatic--34180-zFFPhqTToYfD/[22m[32massets/figma-plugin-CH2hELiO.png          [39m[1m[2m   44.25 kB[22m[1m[22m
[2m../../Users/AMRELS~1/AppData/Local/Temp/chromatic--34180-zFFPhqTToYfD/[22m[32massets/theming-D6WJLNoW.png               [39m[1m[2m   44.37 kB[22m[1m[22m
[2m../../Users/AMRELS~1/AppData/Local/Temp/chromatic--34180-zFFPhqTToYfD/[22m[32massets/testing-cbzR9l9r.png               [39m[1m[2m   49.31 kB[22m[1m[22m
[2m../../Users/AMRELS~1/AppData/Local/Temp/chromatic--34180-zFFPhqTToYfD/[22m[32massets/addon-library-BWUCAmyN.png         [39m[1m[2m  467.37 kB[22m[1m[22m
[2m../../Users/AMRELS~1/AppData/Local/Temp/chromatic--34180-zFFPhqTToYfD/[22m[35massets/Header-BjLH3naM.css                [39m[1m[2m    0.51 kB[22m[1m[22m[2m │ gzip:   0.31 kB[22m
[2m../../Users/AMRELS~1/AppData/Local/Temp/chromatic--34180-zFFPhqTToYfD/[22m[35massets/Page-B9ntr4df.css                  [39m[1m[2m    0.93 kB[22m[1m[22m[2m │ gzip:   0.39 kB[22m
[2m../../Users/AMRELS~1/AppData/Local/Temp/chromatic--34180-zFFPhqTToYfD/[22m[35massets/preview-M7M06poT.css               [39m[1m[2m    5.25 kB[22m[1m[22m[2m │ gzip:   1.55 kB[22m
[2m../../Users/AMRELS~1/AppData/Local/Temp/chromatic--34180-zFFPhqTToYfD/[22m[36massets/preview-DF-d5FoE.js                [39m[1m[2m    0.05 kB[22m[1m[22m[2m │ gzip:   0.07 kB[22m
[2m../../Users/AMRELS~1/AppData/Local/Temp/chromatic--34180-zFFPhqTToYfD/[22m[36massets/preview-BnWGZYux.js                [39m[1m[2m    0.07 kB[22m[1m[22m[2m │ gzip:   0.08 kB[22m
[2m../../Users/AMRELS~1/AppData/Local/Temp/chromatic--34180-zFFPhqTToYfD/[22m[36massets/preview-DE7p7AzZ.js                [39m[1m[2m    0.16 kB[22m[1m[22m[2m │ gzip:   0.16 kB[22m
[2m../../Users/AMRELS~1/AppData/Local/Temp/chromatic--34180-zFFPhqTToYfD/[22m[36massets/index-BrnU7xv7.js                  [39m[1m[2m    0.42 kB[22m[1m[22m[2m │ gzip:   0.28 kB[22m
[2m../../Users/AMRELS~1/AppData/Local/Temp/chromatic--34180-zFFPhqTToYfD/[22m[36massets/preview-BJPLiuSt.js                [39m[1m[2m    0.64 kB[22m[1m[22m[2m │ gzip:   0.44 kB[22m
[2m../../Users/AMRELS~1/AppData/Local/Temp/chromatic--34180-zFFPhqTToYfD/[22m[36massets/preview-BpcF_O6y.js                [39m[1m[2m    0.71 kB[22m[1m[22m[2m │ gzip:   0.49 kB[22m
[2m../../Users/AMRELS~1/AppData/Local/Temp/chromatic--34180-zFFPhqTToYfD/[22m[36massets/index-DrFu-skq.js                  [39m[1m[2m    0.77 kB[22m[1m[22m[2m │ gzip:   0.47 kB[22m
[2m../../Users/AMRELS~1/AppData/Local/Temp/chromatic--34180-zFFPhqTToYfD/[22m[36massets/preview-1WWy4eM2.js                [39m[1m[2m    0.80 kB[22m[1m[22m[2m │ gzip:   0.51 kB[22m
[2m../../Users/AMRELS~1/AppData/Local/Temp/chromatic--34180-zFFPhqTToYfD/[22m[36massets/Header.stories-CVKnxOOk.js         [39m[1m[2m    0.83 kB[22m[1m[22m[2m │ gzip:   0.44 kB[22m
[2m../../Users/AMRELS~1/AppData/Local/Temp/chromatic--34180-zFFPhqTToYfD/[22m[36massets/entry-preview-docs-DglDNdr6.js     [39m[1m[2m    0.85 kB[22m[1m[22m[2m │ gzip:   0.52 kB[22m
[2m../../Users/AMRELS~1/AppData/Local/Temp/chromatic--34180-zFFPhqTToYfD/[22m[36massets/preview-DlGmr-eG.js                [39m[1m[2m    1.00 kB[22m[1m[22m[2m │ gzip:   0.64 kB[22m
[2m../../Users/AMRELS~1/AppData/Local/Temp/chromatic--34180-zFFPhqTToYfD/[22m[36massets/Header-WIIZnfie.js                 [39m[1m[2m    1.16 kB[22m[1m[22m[2m │ gzip:   0.64 kB[22m
[2m../../Users/AMRELS~1/AppData/Local/Temp/chromatic--34180-zFFPhqTToYfD/[22m[36massets/entry-preview-D5Ui7gv5.js          [39m[1m[2m    1.23 kB[22m[1m[22m[2m │ gzip:   0.74 kB[22m
[2m../../Users/AMRELS~1/AppData/Local/Temp/chromatic--34180-zFFPhqTToYfD/[22m[36massets/DocsRenderer-PKQXORMH-XIH8qmnj.js  [39m[1m[2m    1.69 kB[22m[1m[22m[2m │ gzip:   0.86 kB[22m
[2m../../Users/AMRELS~1/AppData/Local/Temp/chromatic--34180-zFFPhqTToYfD/[22m[36massets/index-RFxvtzDP.js                  [39m[1m[2m    1.70 kB[22m[1m[22m[2m │ gzip:   0.86 kB[22m
[2m../../Users/AMRELS~1/AppData/Local/Temp/chromatic--34180-zFFPhqTToYfD/[22m[36massets/Button.stories-QUCpRaM8.js         [39m[1m[2m    1.76 kB[22m[1m[22m[2m │ gzip:   0.68 kB[22m
[2m../../Users/AMRELS~1/AppData/Local/Temp/chromatic--34180-zFFPhqTToYfD/[22m[36massets/index-D-8MO0q_.js                  [39m[1m[2m    2.58 kB[22m[1m[22m[2m │ gzip:   1.26 kB[22m
[2m../../Users/AMRELS~1/AppData/Local/Temp/chromatic--34180-zFFPhqTToYfD/[22m[36massets/preview-9hFJSo5S.js                [39m[1m[2m    3.20 kB[22m[1m[22m[2m │ gzip:   1.38 kB[22m
[2m../../Users/AMRELS~1/AppData/Local/Temp/chromatic--34180-zFFPhqTToYfD/[22m[36massets/preview-Ct5NkTJf.js                [39m[1m[2m    3.50 kB[22m[1m[22m[2m │ gzip:   1.69 kB[22m
[2m../../Users/AMRELS~1/AppData/Local/Temp/chromatic--34180-zFFPhqTToYfD/[22m[36massets/Page.stories-DcadMhk9.js           [39m[1m[2m    3.73 kB[22m[1m[22m[2m │ gzip:   1.64 kB[22m
[2m../../Users/AMRELS~1/AppData/Local/Temp/chromatic--34180-zFFPhqTToYfD/[22m[36massets/iframe-D1WiSK-e.js                 [39m[1m[2m    4.71 kB[22m[1m[22m[2m │ gzip:   1.83 kB[22m
[2m../../Users/AMRELS~1/AppData/Local/Temp/chromatic--34180-zFFPhqTToYfD/[22m[36massets/index-DJO9vBfz.js                  [39m[1m[2m    6.96 kB[22m[1m[22m[2m │ gzip:   2.78 kB[22m
[2m../../Users/AMRELS~1/AppData/Local/Temp/chromatic--34180-zFFPhqTToYfD/[22m[36massets/preview-DB9FwMii.js                [39m[1m[2m    7.62 kB[22m[1m[22m[2m │ gzip:   1.57 kB[22m
[2m../../Users/AMRELS~1/AppData/Local/Temp/chromatic--34180-zFFPhqTToYfD/[22m[36massets/preview-Cdum89jS.js                [39m[1m[2m    8.12 kB[22m[1m[22m[2m │ gzip:   3.08 kB[22m
[2m../../Users/AMRELS~1/AppData/Local/Temp/chromatic--34180-zFFPhqTToYfD/[22m[36massets/Configure-BR4pw9lX.js              [39m[1m[2m   26.61 kB[22m[1m[22m[2m │ gzip:  11.45 kB[22m
[2m../../Users/AMRELS~1/AppData/Local/Temp/chromatic--34180-zFFPhqTToYfD/[22m[36massets/Color-KGDBMAHA-Bpe2ebSa.js         [39m[1m[2m   30.82 kB[22m[1m[22m[2m │ gzip:  11.61 kB[22m
[2m../../Users/AMRELS~1/AppData/Local/Temp/chromatic--34180-zFFPhqTToYfD/[22m[36massets/index-DZLKizrv.js                  [39m[1m[2m   61.57 kB[22m[1m[22m[2m │ gzip:  21.32 kB[22m
[2m../../Users/AMRELS~1/AppData/Local/Temp/chromatic--34180-zFFPhqTToYfD/[22m[36massets/index-CosH_LN0.js                  [39m[1m[2m   74.52 kB[22m[1m[22m[2m │ gzip:  22.01 kB[22m
[2m../../Users/AMRELS~1/AppData/Local/Temp/chromatic--34180-zFFPhqTToYfD/[22m[36massets/Button-BlpbL604.js                 [39m[1m[33m  642.02 kB[39m[22m[2m │ gzip: 147.44 kB[22m
[2m../../Users/AMRELS~1/AppData/Local/Temp/chromatic--34180-zFFPhqTToYfD/[22m[36massets/index-R-QW9epO.js                  [39m[1m[33m1,017.44 kB[39m[22m[2m │ gzip: 321.70 kB[22m
[32m✓ built in 5.16s[39m
info => Preview built (5.54 s)
info => Output directory: C:\Users\AMRELS~1\AppData\Local\Temp\chromatic--34180-zFFPhqTToYfD
